/var/spool/slurm/d/job46181/slurm_script: line 15: cd: $HOME/NATURE_MI2020/: No such file or directory

signal (7): Bus error
in expression starting at /home/powersj/NATURE_MI2020/worker.jl:82
materialize! at ./simdloop.jl:75
_jl_invoke at /buildworker/worker/package_linux64/build/src/gf.c:2135 [inlined]
jl_apply_generic at /buildworker/worker/package_linux64/build/src/gf.c:2305
applyPressure at /home/powersj/NATURE_MI2020/pancakerobot.jl:257
unknown function (ip: 0x7fd341233c07)
_jl_invoke at /buildworker/worker/package_linux64/build/src/gf.c:2135 [inlined]
jl_apply_generic at /buildworker/worker/package_linux64/build/src/gf.c:2305
initialize at /home/powersj/NATURE_MI2020/pancakerobot.jl:227
fitness at /home/powersj/NATURE_MI2020/pancakerobot.jl:545
unknown function (ip: 0x7fd341222106)
_jl_invoke at /buildworker/worker/package_linux64/build/src/gf.c:2135 [inlined]
jl_apply_generic at /buildworker/worker/package_linux64/build/src/gf.c:2305
top-level scope at /home/powersj/NATURE_MI2020/worker.jl:85
jl_toplevel_eval_flex at /buildworker/worker/package_linux64/build/src/toplevel.c:808
jl_parse_eval_all at /buildworker/worker/package_linux64/build/src/ast.c:873
jl_load at /buildworker/worker/package_linux64/build/src/toplevel.c:878
include at ./boot.jl:328 [inlined]
include_relative at ./loading.jl:1105
include at ./Base.jl:31
_jl_invoke at /buildworker/worker/package_linux64/build/src/gf.c:2135 [inlined]
jl_apply_generic at /buildworker/worker/package_linux64/build/src/gf.c:2305
exec_options at ./client.jl:287
_start at ./client.jl:460
jfptr__start_2084.clone_1 at /home/powersj/julia-1.3.1/lib/julia/sys.so (unknown line)
_jl_invoke at /buildworker/worker/package_linux64/build/src/gf.c:2135 [inlined]
jl_apply_generic at /buildworker/worker/package_linux64/build/src/gf.c:2305
unknown function (ip: 0x401931)
unknown function (ip: 0x401533)
__libc_start_main at /build/glibc-S9d2JN/glibc-2.27/csu/../csu/libc-start.c:310
unknown function (ip: 0x4015d4)
Allocations: 436021100064 (Pool: 436020844544; Big: 255520); GC: 383400
/var/spool/slurm/d/job46181/slurm_script: line 16: 17005 Bus error               (core dumped) julia worker.jl ${SLURM_ARRAY_TASK_ID} 15
